<?xml version="1.0" encoding="UTF-8"?>
<!-- Generated by org.testng.reporters.JUnitReportReporter -->
<testsuite skipped="0" hostname="Lenovo" name="org.serialization.Serialization" tests="1" failures="0" timestamp="09 Aug 2022 05:58:21 GMT" time="8.725" errors="0">
  <testcase name="serialization" time="8.725" classname="org.serialization.Serialization"/>
</testsuite> <!-- org.serialization.Serialization -->
