<?xml version="1.0" encoding="UTF-8"?>
<!-- Generated by org.testng.reporters.JUnitReportReporter -->
<testsuite skipped="0" hostname="Lenovo" name="org.rest.Execution" tests="2" failures="0" timestamp="28 Jul 2022 12:16:25 GMT" time="6.488" errors="0">
  <testcase name="tc0" time="5.613" classname="org.rest.Execution"/>
  <testcase name="tc1" time="0.875" classname="org.rest.Execution"/>
</testsuite> <!-- org.rest.Execution -->
