<?xml version="1.0" encoding="UTF-8"?>
<!-- Generated by org.testng.reporters.JUnitReportReporter -->
<testsuite skipped="0" hostname="Lenovo" name="org.bddstyle.GetMethod" tests="1" failures="0" timestamp="08 Aug 2022 11:59:20 GMT" time="7.273" errors="0">
  <testcase name="getSimple" time="7.273" classname="org.bddstyle.GetMethod"/>
</testsuite> <!-- org.bddstyle.GetMethod -->
