<?xml version="1.0" encoding="UTF-8"?>
<!-- Generated by org.testng.reporters.JUnitReportReporter -->
<testsuite skipped="0" hostname="Lenovo" name="org.bddstyle.PostFromExternalFile" tests="1" failures="0" timestamp="09 Aug 2022 04:56:04 GMT" time="8.863" errors="0">
  <testcase name="postfromExternal" time="8.863" classname="org.bddstyle.PostFromExternalFile"/>
</testsuite> <!-- org.bddstyle.PostFromExternalFile -->
