<?xml version="1.0" encoding="UTF-8"?>
<!-- Generated by org.testng.reporters.JUnitReportReporter -->
<testsuite skipped="0" hostname="Lenovo" name="org.gettestng.GetMethod" tests="1" failures="0" timestamp="08 Aug 2022 03:52:38 GMT" time="5.718" errors="0">
  <testcase name="getRequestExample" time="5.718" classname="org.gettestng.GetMethod"/>
</testsuite> <!-- org.gettestng.GetMethod -->
