<?xml version="1.0" encoding="UTF-8"?>
<!-- Generated by org.testng.reporters.JUnitReportReporter -->
<testsuite skipped="0" hostname="Lenovo" name="org.bddstyle.PostMethod" tests="1" failures="0" timestamp="08 Aug 2022 12:10:20 GMT" time="5.669" errors="0">
  <testcase name="getSimple" time="5.669" classname="org.bddstyle.PostMethod"/>
</testsuite> <!-- org.bddstyle.PostMethod -->
