<?xml version="1.0" encoding="UTF-8"?>
<!-- Generated by org.testng.reporters.JUnitReportReporter -->
<testsuite skipped="0" hostname="Lenovo" name="org.nonbdd.SimpleDelete" tests="1" failures="0" timestamp="08 Aug 2022 11:33:57 GMT" time="7.102" errors="0">
  <testcase name="deleteSmaple" time="7.102" classname="org.nonbdd.SimpleDelete"/>
</testsuite> <!-- org.nonbdd.SimpleDelete -->
