<?xml version="1.0" encoding="UTF-8"?>
<!-- Generated by org.testng.reporters.JUnitReportReporter -->
<testsuite skipped="0" hostname="Lenovo" name="org.bddstyle.PutMethod" tests="1" failures="0" timestamp="08 Aug 2022 12:12:21 GMT" time="5.605" errors="0">
  <testcase name="getSimple" time="5.605" classname="org.bddstyle.PutMethod"/>
</testsuite> <!-- org.bddstyle.PutMethod -->
