<?xml version="1.0" encoding="UTF-8"?>
<!-- Generated by org.testng.reporters.JUnitReportReporter -->
<testsuite skipped="0" hostname="Lenovo" name="org.nonbdd.SimplePut" tests="1" failures="0" timestamp="08 Aug 2022 11:49:36 GMT" time="9.081" errors="0">
  <testcase name="puttSmaple" time="9.081" classname="org.nonbdd.SimplePut"/>
</testsuite> <!-- org.nonbdd.SimplePut -->
