<?xml version="1.0" encoding="UTF-8"?>
<!-- Generated by org.testng.reporters.JUnitReportReporter -->
<testsuite skipped="0" hostname="Lenovo" name="org.bddstyle.DeleteMethod" tests="1" failures="0" timestamp="08 Aug 2022 12:26:07 GMT" time="5.673" errors="0">
  <testcase name="deleteSimple" time="5.673" classname="org.bddstyle.DeleteMethod"/>
</testsuite> <!-- org.bddstyle.DeleteMethod -->
