<?xml version="1.0" encoding="UTF-8"?>
<!-- Generated by org.testng.reporters.JUnitReportReporter -->
<testsuite skipped="0" hostname="Lenovo" name="org.nonbdd.SimpleGet" tests="1" failures="0" timestamp="08 Aug 2022 11:43:25 GMT" time="7.208" errors="0">
  <testcase name="getSmaple" time="7.208" classname="org.nonbdd.SimpleGet"/>
</testsuite> <!-- org.nonbdd.SimpleGet -->
