<?xml version="1.0" encoding="UTF-8"?>
<!-- Generated by org.testng.reporters.JUnitReportReporter -->
<testsuite skipped="0" hostname="Lenovo" name="org.nonbdd.SimplePost" tests="1" failures="0" timestamp="08 Aug 2022 11:49:08 GMT" time="7.425" errors="0">
  <testcase name="postSmaple" time="7.425" classname="org.nonbdd.SimplePost"/>
</testsuite> <!-- org.nonbdd.SimplePost -->
